2022-07-03 10:17:33.410 INFO pwcSalesSolution - <module>: Started
2022-07-03 10:17:33.411 INFO pwcSalesSolution - setupData: function setupData started
2022-07-03 10:17:33.412 INFO pwcSalesSolution - read_json: function read_json started
2022-07-03 10:17:33.413 INFO pwcSalesSolution - read_json: Json files are ['C:\\Users\\n421492\\PycharmProjects\\Projects\\pwcSales\\data\\SalesData_2003.json', 'C:\\Users\\n421492\\PycharmProjects\\Projects\\pwcSales\\data\\SalesData_2004.json', 'C:\\Users\\n421492\\PycharmProjects\\Projects\\pwcSales\\data\\SalesData_2005.json']
2022-07-03 10:17:33.431 INFO pwcSalesSolution - read_json: Json file C:\Users\n421492\PycharmProjects\Projects\pwcSales\data\SalesData_2003.json read successfully
2022-07-03 10:17:33.447 INFO pwcSalesSolution - read_json: Json file C:\Users\n421492\PycharmProjects\Projects\pwcSales\data\SalesData_2004.json read successfully
2022-07-03 10:17:33.459 INFO pwcSalesSolution - read_json: Json file C:\Users\n421492\PycharmProjects\Projects\pwcSales\data\SalesData_2005.json read successfully
2022-07-03 10:17:33.461 INFO pwcSalesSolution - read_json: Json file C:\Users\n421492\PycharmProjects\Projects\pwcSales\data\SalesData_2005.json read successfully
2022-07-03 10:17:33.462 INFO pwcSalesSolution - read_json: function read_json ended
2022-07-03 10:17:33.463 INFO pwcSalesSolution - setupData: salesDF shape is (1519, 3) and columns are : Index(['ORDERNUMBER', 'PRODUCTCODE', 'attributes'], dtype='object')
2022-07-03 10:17:33.463 INFO pwcSalesSolution - normalizeData: function normalizeData started
2022-07-03 10:17:33.470 INFO pwcSalesSolution - normalizeData: DataFrame exploding done
2022-07-03 10:17:33.490 INFO pwcSalesSolution - normalizeData: json df normalization done
2022-07-03 10:17:33.494 INFO pwcSalesSolution - normalizeData: joining explode and normalize dataframe done
2022-07-03 10:17:33.495 INFO pwcSalesSolution - normalizeData: function normalizeData ended
2022-07-03 10:17:33.496 INFO pwcSalesSolution - setupData: finalDF shape is (1519, 9) and columns are : Index(['ORDERNUMBER', 'PRODUCTCODE', 'QUANTITYORDERED', 'PRICEEACH', 'SALES', 'ORDERDATE', 'STATUS', 'PRODUCTLINE', 'MSRP'], dtype='object')
2022-07-03 10:17:34.198 INFO pwcSalesSolution - setupData: function setupData ended
2022-07-03 10:17:34.200 INFO pwcSalesSolution - setupData: function setupData ended
2022-07-03 10:17:34.200 INFO pwcSalesSolution - writeOutput: function writeOutput started
2022-07-03 10:17:34.200 INFO pwcSalesSolution - writedailyFile: function writedailyFile started
2022-07-03 10:17:34.200 INFO pwcSalesSolution - writedailyFile: No of files generated: 243
2022-07-03 10:17:36.254 INFO pwcSalesSolution - writedailyFile: function writedailyFile ended
2022-07-03 10:17:36.262 INFO pwcSalesSolution - findAndWriteSaleValue: function findAndWriteSaleValue started
2022-07-03 10:17:36.264 INFO pwcSalesSolution - findAndWriteSaleValue: condCol is None
2022-07-03 10:17:36.264 INFO pwcSalesSolution - findAndWriteSaleValue: function findAndWriteSaleValue ended
2022-07-03 10:17:36.264 INFO pwcSalesSolution - findAndWriteSaleValue: function findAndWriteSaleValue started
2022-07-03 10:17:36.264 INFO pwcSalesSolution - findAndWriteSaleValue: condCol is STATUS
2022-07-03 10:17:36.264 INFO pwcSalesSolution - findAndWriteSaleValue: function findAndWriteSaleValue ended
2022-07-03 10:17:36.264 INFO pwcSalesSolution - findAndWriteSaleValue: function findAndWriteSaleValue started
2022-07-03 10:17:36.272 INFO pwcSalesSolution - findAndWriteSaleValue: condCol is STATUS
2022-07-03 10:17:36.274 INFO pwcSalesSolution - findAndWriteSaleValue: function findAndWriteSaleValue ended
2022-07-03 10:17:37.246 INFO pwcSalesSolution - AggWriteData: function AggWriteData started
2022-07-03 10:17:37.277 INFO pwcSalesSolution - AggWriteData: function AggWriteData ended
2022-07-03 10:17:37.277 INFO pwcSalesSolution - AggWriteData: function AggWriteData started
2022-07-03 10:17:37.308 INFO pwcSalesSolution - AggWriteData: function AggWriteData ended
2022-07-03 10:17:37.308 INFO pwcSalesSolution - aggWriteStatusData: function aggWriteStatusData started
2022-07-03 10:17:37.348 INFO pwcSalesSolution - aggWriteStatusData: function aggWriteStatusData ended
2022-07-03 10:17:37.348 INFO pwcSalesSolution - aggWriteStatusData: function aggWriteStatusData started
2022-07-03 10:17:37.396 INFO pwcSalesSolution - aggWriteStatusData: function aggWriteStatusData ended
2022-07-03 10:17:37.397 INFO pwcSalesSolution - AggWriteData: function AggWriteData started
2022-07-03 10:17:37.446 INFO pwcSalesSolution - AggWriteData: function AggWriteData ended
2022-07-03 10:17:37.447 INFO pwcSalesSolution - findAndWriteSalesTrend: function findAndWriteSalesTrend started
2022-07-03 10:17:37.518 INFO pwcSalesSolution - findAndWriteSalesTrend: function findAndWriteSalesTrend ended
2022-07-03 10:17:37.518 INFO pwcSalesSolution - CalculateAndWriteDiscount: function CalculateAndWriteDiscount started
2022-07-03 10:17:37.584 INFO pwcSalesSolution - discountTable: function discountTable ended
2022-07-03 10:17:37.584 INFO pwcSalesSolution - CalculateAndWriteDiscount: discount table initialized
2022-07-03 10:17:37.584 INFO pwcSalesSolution - CalculateAndWriteDiscount: Allowed product Lines are ['Vintage Cars', 'Classic Cars', 'Trucks and Buses', 'Motorcycles']
2022-07-03 10:17:37.584 INFO pwcSalesSolution - CalculateAndWriteDiscount: Sales Data filtered with product Lines
2022-07-03 10:17:40.824 INFO pwcSalesSolution - CalculateAndWriteDiscount: Discount calculated for sales data
2022-07-03 10:17:41.136 INFO pwcSalesSolution - CalculateAndWriteDiscount: function CalculateAndWriteDiscount ended
2022-07-03 10:17:41.136 INFO pwcSalesSolution - writeOutput: function writeOutput ended
2022-07-03 10:17:41.136 INFO pwcSalesSolution - <module>: Completed
