2022-07-03 20:27:39.735 INFO pwcSalesSolution - <module>: pwcSalesSolution Started
2022-07-03 20:27:39.737 INFO pwcSalesSolution - setupData: function setupData started
2022-07-03 20:27:39.738 INFO pwcSalesSolution - read_json: function read_json started
2022-07-03 20:27:39.740 INFO pwcSalesSolution - read_json: Json files are ['C:\\Users\\n421492\\PycharmProjects\\Projects\\pwcSales\\data\\SalesData_2003.json', 'C:\\Users\\n421492\\PycharmProjects\\Projects\\pwcSales\\data\\SalesData_2004.json', 'C:\\Users\\n421492\\PycharmProjects\\Projects\\pwcSales\\data\\SalesData_2005.json']
2022-07-03 20:27:39.761 INFO pwcSalesSolution - read_json: Json file C:\Users\n421492\PycharmProjects\Projects\pwcSales\data\SalesData_2003.json read successfully
2022-07-03 20:27:39.773 INFO pwcSalesSolution - read_json: Json file C:\Users\n421492\PycharmProjects\Projects\pwcSales\data\SalesData_2004.json read successfully
2022-07-03 20:27:39.783 INFO pwcSalesSolution - read_json: Json file C:\Users\n421492\PycharmProjects\Projects\pwcSales\data\SalesData_2005.json read successfully
2022-07-03 20:27:39.783 INFO pwcSalesSolution - read_json: Json file C:\Users\n421492\PycharmProjects\Projects\pwcSales\data\SalesData_2005.json read successfully
2022-07-03 20:27:39.784 INFO pwcSalesSolution - read_json: function read_json ended
2022-07-03 20:27:39.784 INFO pwcSalesSolution - setupData: salesDF shape is (1519, 3) and columns are : Index(['ORDERNUMBER', 'PRODUCTCODE', 'attributes'], dtype='object')
2022-07-03 20:27:39.786 INFO pwcSalesSolution - normalizeData: function normalizeData started
2022-07-03 20:27:39.791 INFO pwcSalesSolution - normalizeData: DataFrame exploding done
2022-07-03 20:27:39.804 INFO pwcSalesSolution - normalizeData: json df normalization done
2022-07-03 20:27:39.806 INFO pwcSalesSolution - normalizeData: joining explode and normalize dataframe done
2022-07-03 20:27:39.806 INFO pwcSalesSolution - normalizeData: function normalizeData ended
2022-07-03 20:27:39.807 INFO pwcSalesSolution - setupData: finalDF shape is (1519, 9) and columns are : Index(['ORDERNUMBER', 'PRODUCTCODE', 'QUANTITYORDERED', 'PRICEEACH', 'SALES', 'ORDERDATE', 'STATUS', 'PRODUCTLINE', 'MSRP'], dtype='object')
2022-07-03 20:27:41.355 INFO pwcSalesSolution - setupData: function setupData ended
2022-07-03 20:27:41.357 INFO pwcSalesSolution - setupData: function setupData ended
2022-07-03 20:27:41.359 INFO pwcSalesSolution - writeOutput: function writeOutput started
2022-07-03 20:27:41.360 INFO pwcSalesSolution - writedailyFile: function writedailyFile started
2022-07-03 20:27:41.365 INFO pwcSalesSolution - writedailyFile: No of files generated: 243
2022-07-03 20:27:46.307 INFO pwcSalesSolution - writedailyFile: function writedailyFile ended
2022-07-03 20:27:46.320 INFO pwcSalesSolution - findAndWriteSaleValue: function findAndWriteSaleValue started
2022-07-03 20:27:46.330 INFO pwcSalesSolution - findAndWriteSaleValue: condCol is None
2022-07-03 20:27:46.363 INFO pwcSalesSolution - findAndWriteSaleValue: function findAndWriteSaleValue ended
2022-07-03 20:27:46.421 INFO pwcSalesSolution - findAndWriteSaleValue: function findAndWriteSaleValue started
2022-07-03 20:27:46.472 INFO pwcSalesSolution - findAndWriteSaleValue: condCol is STATUS
2022-07-03 20:27:46.500 INFO pwcSalesSolution - findAndWriteSaleValue: function findAndWriteSaleValue ended
2022-07-03 20:27:46.512 INFO pwcSalesSolution - findAndWriteSaleValue: function findAndWriteSaleValue started
2022-07-03 20:27:46.528 INFO pwcSalesSolution - findAndWriteSaleValue: condCol is STATUS
2022-07-03 20:27:46.541 INFO pwcSalesSolution - findAndWriteSaleValue: function findAndWriteSaleValue ended
2022-07-03 20:27:48.980 INFO pwcSalesSolution - AggWriteData: function AggWriteData started
2022-07-03 20:27:49.024 INFO pwcSalesSolution - AggWriteData: function AggWriteData ended
2022-07-03 20:27:49.025 INFO pwcSalesSolution - AggWriteData: function AggWriteData started
2022-07-03 20:27:49.087 INFO pwcSalesSolution - AggWriteData: function AggWriteData ended
2022-07-03 20:27:49.088 INFO pwcSalesSolution - aggWriteStatusData: function aggWriteStatusData started
2022-07-03 20:27:49.154 INFO pwcSalesSolution - aggWriteStatusData: function aggWriteStatusData ended
2022-07-03 20:27:49.155 INFO pwcSalesSolution - aggWriteStatusData: function aggWriteStatusData started
2022-07-03 20:27:49.233 INFO pwcSalesSolution - aggWriteStatusData: function aggWriteStatusData ended
2022-07-03 20:27:49.234 INFO pwcSalesSolution - AggWriteData: function AggWriteData started
2022-07-03 20:27:49.322 INFO pwcSalesSolution - AggWriteData: function AggWriteData ended
2022-07-03 20:27:49.324 INFO pwcSalesSolution - findAndWriteSalesTrend: function findAndWriteSalesTrend started
2022-07-03 20:27:49.419 INFO pwcSalesSolution - findAndWriteSalesTrend: function findAndWriteSalesTrend ended
2022-07-03 20:27:49.420 INFO pwcSalesSolution - CalculateAndWriteDiscount: function CalculateAndWriteDiscount started
2022-07-03 20:27:49.506 INFO pwcSalesSolution - discountTable: function discountTable ended
2022-07-03 20:27:49.507 INFO pwcSalesSolution - CalculateAndWriteDiscount: discount table initialized
2022-07-03 20:27:49.507 INFO pwcSalesSolution - CalculateAndWriteDiscount: Allowed product Lines are ['Vintage Cars', 'Classic Cars', 'Trucks and Buses', 'Motorcycles']
2022-07-03 20:27:49.518 INFO pwcSalesSolution - CalculateAndWriteDiscount: Sales Data filtered with product Lines
2022-07-03 20:27:58.654 INFO pwcSalesSolution - CalculateAndWriteDiscount: Discount calculated for sales data
2022-07-03 20:27:59.886 INFO pwcSalesSolution - CalculateAndWriteDiscount: function CalculateAndWriteDiscount ended
2022-07-03 20:27:59.888 INFO pwcSalesSolution - writeOutput: function writeOutput ended
2022-07-03 20:27:59.895 INFO pwcSalesSolution - <module>: pwcSalesSolution Completed
