2022-07-03 12:00:30.454 INFO pwcSalesSolution - <module>: pwcSalesSoltion Started
2022-07-03 12:00:30.456 INFO pwcSalesSolution - setupData: function setupData started
2022-07-03 12:00:30.458 INFO pwcSalesSolution - read_json: function read_json started
2022-07-03 12:00:30.459 INFO pwcSalesSolution - read_json: Json files are ['C:\\Users\\n421492\\PycharmProjects\\Projects\\pwcSales\\data\\SalesData_2003.json', 'C:\\Users\\n421492\\PycharmProjects\\Projects\\pwcSales\\data\\SalesData_2004.json', 'C:\\Users\\n421492\\PycharmProjects\\Projects\\pwcSales\\data\\SalesData_2005.json']
2022-07-03 12:00:30.483 INFO pwcSalesSolution - read_json: Json file C:\Users\n421492\PycharmProjects\Projects\pwcSales\data\SalesData_2003.json read successfully
2022-07-03 12:00:30.499 INFO pwcSalesSolution - read_json: Json file C:\Users\n421492\PycharmProjects\Projects\pwcSales\data\SalesData_2004.json read successfully
2022-07-03 12:00:30.511 INFO pwcSalesSolution - read_json: Json file C:\Users\n421492\PycharmProjects\Projects\pwcSales\data\SalesData_2005.json read successfully
2022-07-03 12:00:30.512 INFO pwcSalesSolution - read_json: Json file C:\Users\n421492\PycharmProjects\Projects\pwcSales\data\SalesData_2005.json read successfully
2022-07-03 12:00:30.513 INFO pwcSalesSolution - read_json: function read_json ended
2022-07-03 12:00:30.514 INFO pwcSalesSolution - setupData: salesDF shape is (1519, 3) and columns are : Index(['ORDERNUMBER', 'PRODUCTCODE', 'attributes'], dtype='object')
2022-07-03 12:00:30.516 INFO pwcSalesSolution - normalizeData: function normalizeData started
2022-07-03 12:00:30.520 INFO pwcSalesSolution - normalizeData: DataFrame exploding done
2022-07-03 12:00:30.534 INFO pwcSalesSolution - normalizeData: json df normalization done
2022-07-03 12:00:30.537 INFO pwcSalesSolution - normalizeData: joining explode and normalize dataframe done
2022-07-03 12:00:30.538 INFO pwcSalesSolution - normalizeData: function normalizeData ended
2022-07-03 12:00:30.538 INFO pwcSalesSolution - setupData: finalDF shape is (1519, 9) and columns are : Index(['ORDERNUMBER', 'PRODUCTCODE', 'QUANTITYORDERED', 'PRICEEACH', 'SALES', 'ORDERDATE', 'STATUS', 'PRODUCTLINE', 'MSRP'], dtype='object')
2022-07-03 12:00:31.262 INFO pwcSalesSolution - setupData: function setupData ended
2022-07-03 12:00:31.262 INFO pwcSalesSolution - setupData: function setupData ended
2022-07-03 12:00:31.263 INFO pwcSalesSolution - writeOutput: function writeOutput started
2022-07-03 12:00:31.264 INFO pwcSalesSolution - writedailyFile: function writedailyFile started
2022-07-03 12:00:31.267 INFO pwcSalesSolution - writedailyFile: No of files generated: 243
2022-07-03 12:00:32.994 INFO pwcSalesSolution - writedailyFile: function writedailyFile ended
2022-07-03 12:00:32.994 INFO pwcSalesSolution - findAndWriteSaleValue: function findAndWriteSaleValue started
2022-07-03 12:00:32.995 INFO pwcSalesSolution - findAndWriteSaleValue: condCol is None
2022-07-03 12:00:32.997 INFO pwcSalesSolution - findAndWriteSaleValue: function findAndWriteSaleValue ended
2022-07-03 12:00:32.997 INFO pwcSalesSolution - findAndWriteSaleValue: function findAndWriteSaleValue started
2022-07-03 12:00:32.999 INFO pwcSalesSolution - findAndWriteSaleValue: condCol is STATUS
2022-07-03 12:00:33.001 INFO pwcSalesSolution - findAndWriteSaleValue: function findAndWriteSaleValue ended
2022-07-03 12:00:33.001 INFO pwcSalesSolution - findAndWriteSaleValue: function findAndWriteSaleValue started
2022-07-03 12:00:33.003 INFO pwcSalesSolution - findAndWriteSaleValue: condCol is STATUS
2022-07-03 12:00:33.005 INFO pwcSalesSolution - findAndWriteSaleValue: function findAndWriteSaleValue ended
2022-07-03 12:00:33.826 INFO pwcSalesSolution - AggWriteData: function AggWriteData started
2022-07-03 12:00:33.856 INFO pwcSalesSolution - AggWriteData: function AggWriteData ended
2022-07-03 12:00:33.856 INFO pwcSalesSolution - AggWriteData: function AggWriteData started
2022-07-03 12:00:33.881 INFO pwcSalesSolution - AggWriteData: function AggWriteData ended
2022-07-03 12:00:33.882 INFO pwcSalesSolution - aggWriteStatusData: function aggWriteStatusData started
2022-07-03 12:00:33.919 INFO pwcSalesSolution - aggWriteStatusData: function aggWriteStatusData ended
2022-07-03 12:00:33.919 INFO pwcSalesSolution - aggWriteStatusData: function aggWriteStatusData started
2022-07-03 12:00:33.961 INFO pwcSalesSolution - aggWriteStatusData: function aggWriteStatusData ended
2022-07-03 12:00:33.961 INFO pwcSalesSolution - AggWriteData: function AggWriteData started
2022-07-03 12:00:34.009 INFO pwcSalesSolution - AggWriteData: function AggWriteData ended
2022-07-03 12:00:34.009 INFO pwcSalesSolution - findAndWriteSalesTrend: function findAndWriteSalesTrend started
2022-07-03 12:00:34.067 INFO pwcSalesSolution - findAndWriteSalesTrend: function findAndWriteSalesTrend ended
2022-07-03 12:00:34.067 INFO pwcSalesSolution - CalculateAndWriteDiscount: function CalculateAndWriteDiscount started
2022-07-03 12:00:34.123 INFO pwcSalesSolution - discountTable: function discountTable ended
2022-07-03 12:00:34.124 INFO pwcSalesSolution - CalculateAndWriteDiscount: discount table initialized
2022-07-03 12:00:34.124 INFO pwcSalesSolution - CalculateAndWriteDiscount: Allowed product Lines are ['Vintage Cars', 'Classic Cars', 'Trucks and Buses', 'Motorcycles']
2022-07-03 12:00:34.127 INFO pwcSalesSolution - CalculateAndWriteDiscount: Sales Data filtered with product Lines
2022-07-03 12:00:36.854 INFO pwcSalesSolution - CalculateAndWriteDiscount: Discount calculated for sales data
2022-07-03 12:00:37.219 INFO pwcSalesSolution - CalculateAndWriteDiscount: function CalculateAndWriteDiscount ended
2022-07-03 12:00:37.219 INFO pwcSalesSolution - writeOutput: function writeOutput ended
2022-07-03 12:00:37.221 INFO pwcSalesSolution - <module>: pwcSalesSoltion Completed
