2022-07-03 19:52:39.568 INFO pwcSalesSolution - <module>: pwcSalesSolution Started
2022-07-03 19:52:39.571 INFO pwcSalesSolution - setupData: function setupData started
2022-07-03 19:52:39.573 INFO pwcSalesSolution - read_json: function read_json started
2022-07-03 19:52:39.574 INFO pwcSalesSolution - read_json: Json files are ['C:\\Users\\n421492\\PycharmProjects\\Projects\\pwcSales\\data\\SalesData_2003.json', 'C:\\Users\\n421492\\PycharmProjects\\Projects\\pwcSales\\data\\SalesData_2004.json', 'C:\\Users\\n421492\\PycharmProjects\\Projects\\pwcSales\\data\\SalesData_2005.json']
2022-07-03 19:52:39.605 INFO pwcSalesSolution - read_json: Json file C:\Users\n421492\PycharmProjects\Projects\pwcSales\data\SalesData_2003.json read successfully
2022-07-03 19:52:39.620 INFO pwcSalesSolution - read_json: Json file C:\Users\n421492\PycharmProjects\Projects\pwcSales\data\SalesData_2004.json read successfully
2022-07-03 19:52:39.628 INFO pwcSalesSolution - read_json: Json file C:\Users\n421492\PycharmProjects\Projects\pwcSales\data\SalesData_2005.json read successfully
2022-07-03 19:52:39.633 INFO pwcSalesSolution - read_json: Json file C:\Users\n421492\PycharmProjects\Projects\pwcSales\data\SalesData_2005.json read successfully
2022-07-03 19:52:39.634 INFO pwcSalesSolution - read_json: function read_json ended
2022-07-03 19:52:39.635 INFO pwcSalesSolution - setupData: salesDF shape is (1519, 3) and columns are : Index(['ORDERNUMBER', 'PRODUCTCODE', 'attributes'], dtype='object')
2022-07-03 19:52:39.637 INFO pwcSalesSolution - normalizeData: function normalizeData started
2022-07-03 19:52:39.647 INFO pwcSalesSolution - normalizeData: DataFrame exploding done
2022-07-03 19:52:39.668 INFO pwcSalesSolution - normalizeData: json df normalization done
2022-07-03 19:52:39.687 INFO pwcSalesSolution - normalizeData: joining explode and normalize dataframe done
2022-07-03 19:52:39.688 INFO pwcSalesSolution - normalizeData: function normalizeData ended
2022-07-03 19:52:39.688 INFO pwcSalesSolution - setupData: finalDF shape is (1519, 9) and columns are : Index(['ORDERNUMBER', 'PRODUCTCODE', 'QUANTITYORDERED', 'PRICEEACH', 'SALES', 'ORDERDATE', 'STATUS', 'PRODUCTLINE', 'MSRP'], dtype='object')
2022-07-03 19:52:40.602 INFO pwcSalesSolution - setupData: function setupData ended
2022-07-03 19:52:40.602 INFO pwcSalesSolution - setupData: function setupData ended
2022-07-03 19:52:40.604 INFO pwcSalesSolution - writeOutput: function writeOutput started
2022-07-03 19:52:40.605 INFO pwcSalesSolution - writedailyFile: function writedailyFile started
2022-07-03 19:52:40.637 INFO pwcSalesSolution - writedailyFile: No of files generated: 243
2022-07-03 19:52:40.651 ERROR pwcSalesSolution - writedailyFile: function writedailyFile has errorsUnable to find a usable engine; tried using: 'pyarrow', 'fastparquet'.
A suitable version of pyarrow or fastparquet is required for parquet support.
Trying to import the above resulted in these errors:
 - Missing optional dependency 'pyarrow'. pyarrow is required for parquet support. Use pip or conda to install pyarrow.
 - Missing optional dependency 'fastparquet'. fastparquet is required for parquet support. Use pip or conda to install fastparquet.
2022-07-03 19:52:40.654 INFO pwcSalesSolution - writedailyFile: function writedailyFile ended
