2022-07-03 19:57:14.678 INFO pwcSalesSolution - <module>: pwcSalesSolution Started
2022-07-03 19:57:14.682 INFO pwcSalesSolution - setupData: function setupData started
2022-07-03 19:57:14.686 INFO pwcSalesSolution - read_json: function read_json started
2022-07-03 19:57:14.688 INFO pwcSalesSolution - read_json: Json files are ['C:\\Users\\n421492\\PycharmProjects\\Projects\\pwcSales\\data\\SalesData_2003.json', 'C:\\Users\\n421492\\PycharmProjects\\Projects\\pwcSales\\data\\SalesData_2004.json', 'C:\\Users\\n421492\\PycharmProjects\\Projects\\pwcSales\\data\\SalesData_2005.json']
2022-07-03 19:57:14.710 INFO pwcSalesSolution - read_json: Json file C:\Users\n421492\PycharmProjects\Projects\pwcSales\data\SalesData_2003.json read successfully
2022-07-03 19:57:14.725 INFO pwcSalesSolution - read_json: Json file C:\Users\n421492\PycharmProjects\Projects\pwcSales\data\SalesData_2004.json read successfully
2022-07-03 19:57:14.736 INFO pwcSalesSolution - read_json: Json file C:\Users\n421492\PycharmProjects\Projects\pwcSales\data\SalesData_2005.json read successfully
2022-07-03 19:57:14.737 INFO pwcSalesSolution - read_json: Json file C:\Users\n421492\PycharmProjects\Projects\pwcSales\data\SalesData_2005.json read successfully
2022-07-03 19:57:14.738 INFO pwcSalesSolution - read_json: function read_json ended
2022-07-03 19:57:14.739 INFO pwcSalesSolution - setupData: salesDF shape is (1519, 3) and columns are : Index(['ORDERNUMBER', 'PRODUCTCODE', 'attributes'], dtype='object')
2022-07-03 19:57:14.741 INFO pwcSalesSolution - normalizeData: function normalizeData started
2022-07-03 19:57:14.746 INFO pwcSalesSolution - normalizeData: DataFrame exploding done
2022-07-03 19:57:14.763 INFO pwcSalesSolution - normalizeData: json df normalization done
2022-07-03 19:57:14.766 INFO pwcSalesSolution - normalizeData: joining explode and normalize dataframe done
2022-07-03 19:57:14.766 INFO pwcSalesSolution - normalizeData: function normalizeData ended
2022-07-03 19:57:14.767 INFO pwcSalesSolution - setupData: finalDF shape is (1519, 9) and columns are : Index(['ORDERNUMBER', 'PRODUCTCODE', 'QUANTITYORDERED', 'PRICEEACH', 'SALES', 'ORDERDATE', 'STATUS', 'PRODUCTLINE', 'MSRP'], dtype='object')
2022-07-03 19:57:15.561 INFO pwcSalesSolution - setupData: function setupData ended
2022-07-03 19:57:15.561 INFO pwcSalesSolution - setupData: function setupData ended
2022-07-03 19:57:15.562 INFO pwcSalesSolution - writeOutput: function writeOutput started
2022-07-03 19:57:15.562 INFO pwcSalesSolution - writedailyFile: function writedailyFile started
2022-07-03 19:57:15.565 INFO pwcSalesSolution - writedailyFile: No of files generated: 243
2022-07-03 19:57:15.571 ERROR pwcSalesSolution - writedailyFile: function writedailyFile has errorsUnable to find a usable engine; tried using: 'pyarrow', 'fastparquet'.
A suitable version of pyarrow or fastparquet is required for parquet support.
Trying to import the above resulted in these errors:
 - Missing optional dependency 'pyarrow'. pyarrow is required for parquet support. Use pip or conda to install pyarrow.
 - Missing optional dependency 'fastparquet'. fastparquet is required for parquet support. Use pip or conda to install fastparquet.
2022-07-03 19:57:15.572 INFO pwcSalesSolution - writedailyFile: function writedailyFile ended
