2022-07-03 11:42:30.288 INFO pwcSalesSolution - <module>: pwcSalesSoltion Started
2022-07-03 11:42:30.289 INFO pwcSalesSolution - setupData: function setupData started
2022-07-03 11:42:30.291 INFO pwcSalesSolution - read_json: function read_json started
2022-07-03 11:42:30.292 INFO pwcSalesSolution - read_json: Json files are ['C:\\Users\\n421492\\PycharmProjects\\Projects\\pwcSales\\data\\SalesData_2003.json', 'C:\\Users\\n421492\\PycharmProjects\\Projects\\pwcSales\\data\\SalesData_2004.json', 'C:\\Users\\n421492\\PycharmProjects\\Projects\\pwcSales\\data\\SalesData_2005.json']
2022-07-03 11:42:30.318 INFO pwcSalesSolution - read_json: Json file C:\Users\n421492\PycharmProjects\Projects\pwcSales\data\SalesData_2003.json read successfully
2022-07-03 11:42:30.331 INFO pwcSalesSolution - read_json: Json file C:\Users\n421492\PycharmProjects\Projects\pwcSales\data\SalesData_2004.json read successfully
2022-07-03 11:42:30.343 INFO pwcSalesSolution - read_json: Json file C:\Users\n421492\PycharmProjects\Projects\pwcSales\data\SalesData_2005.json read successfully
2022-07-03 11:42:30.345 INFO pwcSalesSolution - read_json: Json file C:\Users\n421492\PycharmProjects\Projects\pwcSales\data\SalesData_2005.json read successfully
2022-07-03 11:42:30.345 INFO pwcSalesSolution - read_json: function read_json ended
2022-07-03 11:42:30.346 INFO pwcSalesSolution - setupData: salesDF shape is (1519, 3) and columns are : Index(['ORDERNUMBER', 'PRODUCTCODE', 'attributes'], dtype='object')
2022-07-03 11:42:30.347 INFO pwcSalesSolution - normalizeData: function normalizeData started
2022-07-03 11:42:30.356 INFO pwcSalesSolution - normalizeData: DataFrame exploding done
2022-07-03 11:42:30.368 INFO pwcSalesSolution - normalizeData: json df normalization done
2022-07-03 11:42:30.371 INFO pwcSalesSolution - normalizeData: joining explode and normalize dataframe done
2022-07-03 11:42:30.371 INFO pwcSalesSolution - normalizeData: function normalizeData ended
2022-07-03 11:42:30.372 INFO pwcSalesSolution - setupData: finalDF shape is (1519, 9) and columns are : Index(['ORDERNUMBER', 'PRODUCTCODE', 'QUANTITYORDERED', 'PRICEEACH', 'SALES', 'ORDERDATE', 'STATUS', 'PRODUCTLINE', 'MSRP'], dtype='object')
2022-07-03 11:42:31.059 INFO pwcSalesSolution - setupData: function setupData ended
2022-07-03 11:42:31.059 INFO pwcSalesSolution - setupData: function setupData ended
2022-07-03 11:42:31.060 INFO pwcSalesSolution - writeOutput: function writeOutput started
2022-07-03 11:42:31.060 INFO pwcSalesSolution - writedailyFile: function writedailyFile started
2022-07-03 11:42:31.064 INFO pwcSalesSolution - writedailyFile: No of files generated: 243
2022-07-03 11:42:32.939 INFO pwcSalesSolution - writedailyFile: function writedailyFile ended
2022-07-03 11:42:32.940 INFO pwcSalesSolution - findAndWriteSaleValue: function findAndWriteSaleValue started
2022-07-03 11:42:32.942 INFO pwcSalesSolution - findAndWriteSaleValue: condCol is None
2022-07-03 11:42:32.945 INFO pwcSalesSolution - findAndWriteSaleValue: function findAndWriteSaleValue ended
2022-07-03 11:42:32.947 INFO pwcSalesSolution - findAndWriteSaleValue: function findAndWriteSaleValue started
2022-07-03 11:42:32.949 INFO pwcSalesSolution - findAndWriteSaleValue: condCol is STATUS
2022-07-03 11:42:32.953 INFO pwcSalesSolution - findAndWriteSaleValue: function findAndWriteSaleValue ended
2022-07-03 11:42:32.954 INFO pwcSalesSolution - findAndWriteSaleValue: function findAndWriteSaleValue started
2022-07-03 11:42:32.956 INFO pwcSalesSolution - findAndWriteSaleValue: condCol is STATUS
2022-07-03 11:42:32.958 INFO pwcSalesSolution - findAndWriteSaleValue: function findAndWriteSaleValue ended
2022-07-03 11:42:33.977 INFO pwcSalesSolution - AggWriteData: function AggWriteData started
2022-07-03 11:42:34.015 INFO pwcSalesSolution - AggWriteData: function AggWriteData ended
2022-07-03 11:42:34.015 INFO pwcSalesSolution - AggWriteData: function AggWriteData started
2022-07-03 11:42:34.046 INFO pwcSalesSolution - AggWriteData: function AggWriteData ended
2022-07-03 11:42:34.047 INFO pwcSalesSolution - aggWriteStatusData: function aggWriteStatusData started
2022-07-03 11:42:34.082 INFO pwcSalesSolution - aggWriteStatusData: function aggWriteStatusData ended
2022-07-03 11:42:34.082 INFO pwcSalesSolution - aggWriteStatusData: function aggWriteStatusData started
2022-07-03 11:42:34.129 INFO pwcSalesSolution - aggWriteStatusData: function aggWriteStatusData ended
2022-07-03 11:42:34.129 INFO pwcSalesSolution - AggWriteData: function AggWriteData started
2022-07-03 11:42:34.206 INFO pwcSalesSolution - AggWriteData: function AggWriteData ended
2022-07-03 11:42:34.207 INFO pwcSalesSolution - findAndWriteSalesTrend: function findAndWriteSalesTrend started
2022-07-03 11:42:34.281 INFO pwcSalesSolution - findAndWriteSalesTrend: function findAndWriteSalesTrend ended
2022-07-03 11:42:34.281 INFO pwcSalesSolution - CalculateAndWriteDiscount: function CalculateAndWriteDiscount started
2022-07-03 11:42:34.354 INFO pwcSalesSolution - discountTable: function discountTable ended
2022-07-03 11:42:34.355 INFO pwcSalesSolution - CalculateAndWriteDiscount: discount table initialized
2022-07-03 11:42:34.355 INFO pwcSalesSolution - CalculateAndWriteDiscount: Allowed product Lines are ['Vintage Cars', 'Classic Cars', 'Trucks and Buses', 'Motorcycles']
2022-07-03 11:42:34.358 INFO pwcSalesSolution - CalculateAndWriteDiscount: Sales Data filtered with product Lines
2022-07-03 11:42:37.058 INFO pwcSalesSolution - CalculateAndWriteDiscount: Discount calculated for sales data
2022-07-03 11:42:37.482 INFO pwcSalesSolution - CalculateAndWriteDiscount: function CalculateAndWriteDiscount ended
2022-07-03 11:42:37.483 INFO pwcSalesSolution - writeOutput: function writeOutput ended
2022-07-03 11:42:37.485 INFO pwcSalesSolution - <module>: pwcSalesSoltion Completed
